Command terminated by signal 9
	Command being timed: "python ncells_corr.py 2081 EC-EARTH.hs.2081-2100"
	User time (seconds): 599.88
	System time (seconds): 104.04
	Percent of CPU this job got: 79%
	Elapsed (wall clock) time (h:mm:ss or m:ss): 14:49.84
	Average shared text size (kbytes): 0
	Average unshared data size (kbytes): 0
	Average stack size (kbytes): 0
	Average total size (kbytes): 0
	Maximum resident set size (kbytes): 103810192
	Average resident set size (kbytes): 0
	Major (requiring I/O) page faults: 318
	Minor (reclaiming a frame) page faults: 68437515
	Voluntary context switches: 188974
	Involuntary context switches: 5082
	Swaps: 0
	File system inputs: 7654184
	File system outputs: 1024
	Socket messages sent: 0
	Socket messages received: 0
	Signals delivered: 0
	Page size (bytes): 4096
	Exit status: 0
slurmstepd: error: Detected 1 oom-kill event(s) in StepId=44750645.batch. Some of your processes may have been killed by the cgroup out-of-memory handler.
